<?xml version="1.0" encoding="UTF-8"?>
<!-- Generated by org.testng.reporters.JUnitXMLReporter -->
<testsuite hostname="CBT-MH-000" ignored="0" name="Test" tests="7" failures="0" timestamp="29 Oct 2019 09:16:32 GMT" time="29.499" errors="0">
  <testcase name="postTweet" time="18.889" classname="Api.Posttweet"/>
  <testcase name="blockuser" time="0.656" classname="Api.Block"/>
  <testcase name="getweather" time="0.86" classname="Api.Weather"/>
  <testcase name="userNameDisplay" time="2.775" classname="Api.Displayusername"/>
  <testcase name="listuser" time="0.713" classname="Api.Listuser"/>
  <testcase name="searchTweet" time="5.044" classname="Api.Search"/>
  <testcase name="trending" time="0.484" classname="Api.TrendingHashtag"/>
</testsuite> <!-- Test -->
