<?xml version="1.0" encoding="UTF-8"?>
<testng-results skipped="0" failed="0" ignored="0" total="1" passed="1">
  <reporter-output>
  </reporter-output>
  <suite name="Default suite" duration-ms="719937" started-at="2019-10-30T05:49:46Z" finished-at="2019-10-30T06:01:46Z">
    <groups>
    </groups>
    <test name="Default test" duration-ms="719937" started-at="2019-10-30T05:49:46Z" finished-at="2019-10-30T06:01:46Z">
      <class name="Api.Listuser">
        <test-method status="PASS" signature="listuser()[pri:0, instance:Api.Listuser@7d0587f1]" name="listuser" duration-ms="719812" started-at="2019-10-30T05:49:46Z" finished-at="2019-10-30T06:01:46Z">
          <reporter-output>
          </reporter-output>
        </test-method> <!-- listuser -->
      </class> <!-- Api.Listuser -->
    </test> <!-- Default test -->
  </suite> <!-- Default suite -->
</testng-results>
